Unity/unityLibrary/build/intermediates/manifest_merge_blame_file/debug/manifest-merger-blame-debug-report.txt
1<?xml version="1.0" encoding="utf-8"?>
2<manifest xmlns:android="http://schemas.android.com/apk/res/android"
3    xmlns:tools="http://schemas.android.com/tools"
4    package="com.unity3d.player"
5    android:versionCode="1"
6    android:versionName="1.0" >
7
8    <uses-sdk
9        android:minSdkVersion="19"
9-->src\main\AndroidManifest.xml
10        android:targetSdkVersion="28" />
10-->src\main\AndroidManifest.xml
11
12    <uses-permission android:name="android.permission.INTERNET" />
12-->src\main\AndroidManifest.xml:3:3-65
12-->src\main\AndroidManifest.xml:3:20-62
13
14    <uses-feature android:glEsVersion="0x00020000" />
14-->src\main\AndroidManifest.xml:28:3-52
14-->src\main\AndroidManifest.xml:28:17-49
15    <uses-feature
15-->src\main\AndroidManifest.xml:29:3-88
16        android:name="android.hardware.touchscreen"
16-->src\main\AndroidManifest.xml:29:17-60
17        android:required="false" />
17-->src\main\AndroidManifest.xml:29:61-85
18    <uses-feature
18-->src\main\AndroidManifest.xml:30:3-99
19        android:name="android.hardware.touchscreen.multitouch"
19-->src\main\AndroidManifest.xml:30:17-71
20        android:required="false" />
20-->src\main\AndroidManifest.xml:30:72-96
21    <uses-feature
21-->src\main\AndroidManifest.xml:31:3-108
22        android:name="android.hardware.touchscreen.multitouch.distinct"
22-->src\main\AndroidManifest.xml:31:17-80
23        android:required="false" />
23-->src\main\AndroidManifest.xml:31:81-105
24
25    <application
25-->src\main\AndroidManifest.xml:4:3-27:17
26        android:allowBackup="true"
26-->src\main\AndroidManifest.xml:4:16-42
27        android:icon="@mipmap/ic_launcher"
27-->src\main\AndroidManifest.xml:4:43-77
28        android:isGame="true"
28-->src\main\AndroidManifest.xml:4:255-276
29        android:label="@string/app_name"
29-->src\main\AndroidManifest.xml:4:78-110
30        android:roundIcon="@mipmap/ic_launcher_round"
30-->src\main\AndroidManifest.xml:4:111-156
31        android:supportsRtl="true"
31-->src\main\AndroidManifest.xml:4:157-183
32        android:theme="@style/Theme.Supermarket"
32-->src\main\AndroidManifest.xml:4:184-224
33        tools:replace="android:theme" >
33-->src\main\AndroidManifest.xml:4:225-254
34        <activity android:name="com.unity3d.player.cartFunction" >
34-->src\main\AndroidManifest.xml:5:5-6:16
34-->src\main\AndroidManifest.xml:5:15-43
35        </activity>
36        <activity android:name="com.unity3d.player.electronicTab" />
36-->src\main\AndroidManifest.xml:7:5-47
36-->src\main\AndroidManifest.xml:7:15-44
37        <activity android:name="com.unity3d.player.clothingTab" />
37-->src\main\AndroidManifest.xml:8:5-45
37-->src\main\AndroidManifest.xml:8:15-42
38        <activity android:name="com.unity3d.player.UserProfile" />
38-->src\main\AndroidManifest.xml:9:5-45
38-->src\main\AndroidManifest.xml:9:15-42
39        <activity android:name="com.unity3d.player.UserLogin" />
39-->src\main\AndroidManifest.xml:10:5-43
39-->src\main\AndroidManifest.xml:10:15-40
40        <activity android:name="com.unity3d.player.UserSignUp" />
40-->src\main\AndroidManifest.xml:11:5-44
40-->src\main\AndroidManifest.xml:11:15-41
41        <activity
41-->src\main\AndroidManifest.xml:12:5-150
42            android:name="com.unity3d.player.grocceryTab"
42-->src\main\AndroidManifest.xml:12:15-42
43            android:label="@string/title_activity_groccery_tab"
43-->src\main\AndroidManifest.xml:12:43-94
44            android:theme="@style/Theme.Supermarket.NoActionBar" />
44-->src\main\AndroidManifest.xml:12:95-147
45        <activity android:name="com.unity3d.player.Store" />
45-->src\main\AndroidManifest.xml:13:5-39
45-->src\main\AndroidManifest.xml:13:15-36
46        <activity android:name="com.unity3d.player.Home" />
46-->src\main\AndroidManifest.xml:14:5-38
46-->src\main\AndroidManifest.xml:14:15-35
47        <activity android:name="com.unity3d.player.MainActivity" >
47-->src\main\AndroidManifest.xml:15:5-22:16
47-->src\main\AndroidManifest.xml:15:15-43
48            <intent-filter>
48-->src\main\AndroidManifest.xml:16:7-20:23
49                <action android:name="android.intent.action.MAIN" />
49-->src\main\AndroidManifest.xml:17:9-61
49-->src\main\AndroidManifest.xml:17:17-58
50
51                <category android:name="android.intent.category.LAUNCHER" />
51-->src\main\AndroidManifest.xml:18:9-69
51-->src\main\AndroidManifest.xml:18:19-66
52                <category android:name="android.intent.category.LEANBACK_LAUNCHER" />
52-->src\main\AndroidManifest.xml:19:9-78
52-->src\main\AndroidManifest.xml:19:19-75
53            </intent-filter>
54
55            <meta-data
55-->src\main\AndroidManifest.xml:21:7-78
56                android:name="android.notch_support"
56-->src\main\AndroidManifest.xml:21:18-54
57                android:value="true" />
57-->src\main\AndroidManifest.xml:21:55-75
58        </activity>
59
60        <meta-data
60-->src\main\AndroidManifest.xml:23:5-69
61            android:name="unity.splash-mode"
61-->src\main\AndroidManifest.xml:23:16-48
62            android:value="0" />
62-->src\main\AndroidManifest.xml:23:49-66
63        <meta-data
63-->src\main\AndroidManifest.xml:24:5-74
64            android:name="unity.splash-enable"
64-->src\main\AndroidManifest.xml:24:16-50
65            android:value="True" />
65-->src\main\AndroidManifest.xml:24:51-71
66        <meta-data
66-->src\main\AndroidManifest.xml:25:5-81
67            android:name="notch.config"
67-->src\main\AndroidManifest.xml:25:16-43
68            android:value="portrait|landscape" />
68-->src\main\AndroidManifest.xml:25:44-78
69        <meta-data
69-->src\main\AndroidManifest.xml:26:5-101
70            android:name="unity.build-id"
70-->src\main\AndroidManifest.xml:26:16-45
71            android:value="83b18793-71bd-4152-b077-5162bad3b0e1" />
71-->src\main\AndroidManifest.xml:26:46-98
72    </application>
73
74</manifest>